Date: 06/03/22 16:01:17: Thread #1: Try to read file: file1.txt 
Date: 06/03/22 16:01:17: Thread #2: Try to read file: file2.txt 
Date: 06/03/22 16:01:17: Thread #3: Try to read file: file3.txt 
Date: 06/03/22 16:01:17: Thread #4: Try to read file: file4.txt 
Date: 06/03/22 16:01:17: Thread #2: Opened file: file2.txt 
Date: 06/03/22 16:01:17: Thread #2: Wrote word |qwe| to shorts from file: file2.txt 
Date: 06/03/22 16:01:17: Thread #3: Opened file: file3.txt 
Date: 06/03/22 16:01:17: Thread #4: Can't open file: file4.txt 
Date: 06/03/22 16:01:17: Thread #1: Opened file: file1.txt 
Date: 06/03/22 16:01:17: Thread #2: Closed file: file2.txt 
Date: 06/03/22 16:01:17: Thread #3: Wrote word |q1| to shorts from file: file3.txt 
Date: 06/03/22 16:01:17: Thread #1: Wrote word |123| to shorts from file: file1.txt 
Date: 06/03/22 16:01:17: Thread #3: Closed file: file3.txt 
Date: 06/03/22 16:01:17: Thread #1: Closed file: file1.txt 
Date: 06/03/22 16:04:28: Thread #1: Try to read file: file1.txt 
Date: 06/03/22 16:04:28: Thread #2: Try to read file: file2.txt 
Date: 06/03/22 13:04:28: Thread #4: Try to read file: file4.txt 
Date: 06/03/22 16:04:28: Thread #4: Can't open file: file4.txt 
Date: 06/03/22 16:04:28: Thread #2: Opened file: file2.txt 
Date: 06/03/22 16:04:28: Thread #1: Opened file: file1.txt 
Date: 06/03/22 16:04:28: Thread #1: Wrote word |123| to shorts from file: file1.txt 
Date: 06/03/22 16:04:28: Thread #2: Wrote word |qwe| to shorts from file: file2.txt 
Date: 06/03/22 16:04:28: Thread #1: Closed file: file1.txt 
Date: 06/03/22 16:04:28: Thread #2: Closed file: file2.txt 
Date: 06/03/22 16:04:28: Thread #3: Try to read file: file3.txt 
Date: 06/03/22 16:04:28: Thread #3: Opened file: file3.txt 
Date: 06/03/22 16:04:28: Thread #3: Wrote word |q1| to shorts from file: file3.txt 
Date: 06/03/22 16:04:28: Thread #3: Closed file: file3.txt 
Date: 06/08/22 16:39:17: Thread #2: Try to read file: file2.txt 
Date: 06/08/22 16:39:17: Thread #1: Try to read file: file1.txt 
Date: 06/08/22 16:39:17: Thread #3: Try to read file: file3.txt 
Date: 06/08/22 16:39:17: Thread #2: Opened file: file2.txt 
Date: 06/08/22 16:39:17: Thread #1: Opened file: file1.txt 
Date: 06/08/22 16:39:17: Thread #3: Opened file: file3.txt 
Date: 06/08/22 16:39:17: Thread #2: Wrote word |qwe| to shorts from file: file2.txt 
Date: 06/08/22 16:39:17: Thread #2: Wrote word |asdfghjklqwe| to shorts from file: file2.txt 
Date: 06/08/22 16:39:17: Thread #2: Wrote word |zxcvbnm| to shorts from file: file2.txt 
Date: 06/08/22 16:39:17: Thread #2: Closed file: file2.txt 
Date: 06/08/22 16:39:17: Thread #1: Wrote word |123| to shorts from file: file1.txt 
Date: 06/08/22 16:39:17: Thread #1: Wrote word |123456| to shorts from file: file1.txt 
Date: 06/08/22 16:39:17: Thread #1: Wrote word |1234567890| to shorts from file: file1.txt 
Date: 06/08/22 16:39:17: Thread #1: Closed file: file1.txt 
Date: 06/08/22 16:39:17: Thread #3: Wrote word |q1| to shorts from file: file3.txt 
Date: 06/08/22 16:39:17: Thread #3: Wrote word |qwer1254| to shorts from file: file3.txt 
Date: 06/08/22 16:39:17: Thread #3: Wrote word |qwertyui1234567890| to shorts from file: file3.txt 
Date: 06/08/22 16:39:17: Thread #3: Closed file: file3.txt 
Date: 06/08/22 16:39:39: Thread #1: Try to read file: file1.txt 
Date: 06/08/22 16:39:39: Thread #2: Try to read file: file2.txt 
Date: 06/08/22 13:39:39: Thread #3: Try to read file: file3.txt 
Date: 06/08/22 16:39:39: Thread #1: Opened file: file1.txt 
Date: 06/08/22 16:39:39: Thread #2: Opened file: file2.txt 
Date: 06/08/22 16:39:39: Thread #2: Wrote word |qwe| to shorts from file: file2.txt 
Date: 06/08/22 16:39:39: Thread #1: Wrote word |123| to shorts from file: file1.txt 
Date: 06/08/22 16:39:39: Thread #2: Closed file: file2.txt 
Date: 06/08/22 16:39:39: Thread #1: Closed file: file1.txt 
Date: 06/08/22 16:39:39: Thread #3: Opened file: file3.txt 
Date: 06/08/22 16:39:39: Thread #3: Wrote word |q1| to shorts from file: file3.txt 
Date: 06/08/22 16:39:39: Thread #3: Closed file: file3.txt 
